{
  "/Users/ray/developer/github/troublem/r-relation-list/index.js": {
    "path": "/Users/ray/developer/github/troublem/r-relation-list/index.js",
    "statementMap": {},
    "fnMap": {},
    "branchMap": {},
    "s": {},
    "f": {},
    "b": {}
  },
  "/Users/ray/developer/github/troublem/r-relation-list/src/Item.tsx": {
    "path": "/Users/ray/developer/github/troublem/r-relation-list/src/Item.tsx",
    "statementMap": {
      "0": {
        "start": { "line": 15, "column": 46 },
        "end": { "line": 39, "column": 1 }
      },
      "1": {
        "start": { "line": 17, "column": 4 },
        "end": { "line": 17, "column": 9 }
      },
      "2": {
        "start": { "line": 19, "column": 25 },
        "end": { "line": 30, "column": 3 }
      },
      "3": {
        "start": { "line": 22, "column": 8 },
        "end": { "line": 27, "column": 13 }
      },
      "4": {
        "start": { "line": 32, "column": 2 },
        "end": { "line": 38, "column": 4 }
      },
      "5": {
        "start": { "line": 41, "column": 0 },
        "end": { "line": 43, "column": 2 }
      }
    },
    "fnMap": {
      "0": {
        "name": "(anonymous_0)",
        "decl": {
          "start": { "line": 15, "column": 46 },
          "end": { "line": 15, "column": 47 }
        },
        "loc": {
          "start": { "line": 15, "column": 57 },
          "end": { "line": 39, "column": 1 }
        },
        "line": 15
      },
      "1": {
        "name": "(anonymous_1)",
        "decl": {
          "start": { "line": 21, "column": 19 },
          "end": { "line": 21, "column": 20 }
        },
        "loc": {
          "start": { "line": 22, "column": 8 },
          "end": { "line": 27, "column": 13 }
        },
        "line": 22
      }
    },
    "branchMap": {
      "0": {
        "loc": {
          "start": { "line": 19, "column": 25 },
          "end": { "line": 30, "column": 3 }
        },
        "type": "binary-expr",
        "locations": [
          {
            "start": { "line": 19, "column": 25 },
            "end": { "line": 19, "column": 32 }
          },
          {
            "start": { "line": 19, "column": 36 },
            "end": { "line": 19, "column": 54 }
          },
          {
            "start": { "line": 20, "column": 4 },
            "end": { "line": 29, "column": 9 }
          }
        ],
        "line": 19
      },
      "1": {
        "loc": {
          "start": { "line": 24, "column": 11 },
          "end": { "line": 26, "column": 11 }
        },
        "type": "binary-expr",
        "locations": [
          {
            "start": { "line": 24, "column": 11 },
            "end": { "line": 24, "column": 37 }
          },
          {
            "start": { "line": 25, "column": 12 },
            "end": { "line": 25, "column": 58 }
          }
        ],
        "line": 24
      }
    },
    "s": { "0": 2, "1": 4, "2": 4, "3": 4, "4": 4, "5": 2 },
    "f": { "0": 4, "1": 4 },
    "b": { "0": [4, 2, 2], "1": [4, 2] },
    "_coverageSchema": "1a1c01bbd47fc00a2c39e90264f33305004495a9",
    "hash": "f198d5be3fba32649bfe437c77276cd6848501a2"
  },
  "/Users/ray/developer/github/troublem/r-relation-list/src/RelationList.tsx": {
    "path": "/Users/ray/developer/github/troublem/r-relation-list/src/RelationList.tsx",
    "statementMap": {
      "0": {
        "start": { "line": 6, "column": 28 },
        "end": { "line": 6, "column": 30 }
      },
      "1": {
        "start": { "line": 37, "column": 21 },
        "end": { "line": 120, "column": 1 }
      },
      "2": {
        "start": { "line": 54, "column": 6 },
        "end": { "line": 54, "column": 11 }
      },
      "3": {
        "start": { "line": 55, "column": 21 },
        "end": { "line": 55, "column": 45 }
      },
      "4": {
        "start": { "line": 57, "column": 42 },
        "end": { "line": 57, "column": 44 }
      },
      "5": {
        "start": { "line": 59, "column": 26 },
        "end": { "line": 77, "column": 3 }
      },
      "6": {
        "start": { "line": 60, "column": 4 },
        "end": { "line": 60, "column": 33 }
      },
      "7": {
        "start": { "line": 60, "column": 21 },
        "end": { "line": 60, "column": 33 }
      },
      "8": {
        "start": { "line": 63, "column": 4 },
        "end": { "line": 69, "column": 5 }
      },
      "9": {
        "start": { "line": 64, "column": 6 },
        "end": { "line": 64, "column": 26 }
      },
      "10": {
        "start": { "line": 65, "column": 11 },
        "end": { "line": 69, "column": 5 }
      },
      "11": {
        "start": { "line": 66, "column": 6 },
        "end": { "line": 66, "column": 19 }
      },
      "12": {
        "start": { "line": 68, "column": 6 },
        "end": { "line": 68, "column": 30 }
      },
      "13": {
        "start": { "line": 71, "column": 4 },
        "end": { "line": 73, "column": 5 }
      },
      "14": {
        "start": { "line": 72, "column": 6 },
        "end": { "line": 72, "column": 31 }
      },
      "15": {
        "start": { "line": 74, "column": 4 },
        "end": { "line": 74, "column": 20 }
      },
      "16": {
        "start": { "line": 76, "column": 4 },
        "end": { "line": 76, "column": 33 }
      },
      "17": {
        "start": { "line": 80, "column": 2 },
        "end": { "line": 91, "column": 3 }
      },
      "18": {
        "start": { "line": 81, "column": 18 },
        "end": { "line": 81, "column": 49 }
      },
      "19": {
        "start": { "line": 82, "column": 21 },
        "end": { "line": 87, "column": 6 }
      },
      "20": {
        "start": { "line": 83, "column": 6 },
        "end": { "line": 86, "column": 11 }
      },
      "21": {
        "start": { "line": 88, "column": 4 },
        "end": { "line": 88, "column": 75 }
      },
      "22": {
        "start": { "line": 89, "column": 9 },
        "end": { "line": 91, "column": 3 }
      },
      "23": {
        "start": { "line": 90, "column": 4 },
        "end": { "line": 90, "column": 28 }
      },
      "24": {
        "start": { "line": 94, "column": 24 },
        "end": { "line": 94, "column": 49 }
      },
      "25": {
        "start": { "line": 95, "column": 21 },
        "end": { "line": 95, "column": 43 }
      },
      "26": {
        "start": { "line": 96, "column": 21 },
        "end": { "line": 96, "column": 59 }
      },
      "27": {
        "start": { "line": 97, "column": 26 },
        "end": { "line": 97, "column": 74 }
      },
      "28": {
        "start": { "line": 99, "column": 22 },
        "end": { "line": 107, "column": 3 }
      },
      "29": {
        "start": { "line": 109, "column": 2 },
        "end": { "line": 119, "column": 4 }
      },
      "30": {
        "start": { "line": 122, "column": 0 },
        "end": { "line": 122, "column": 25 }
      },
      "31": {
        "start": { "line": 124, "column": 0 },
        "end": { "line": 130, "column": 2 }
      }
    },
    "fnMap": {
      "0": {
        "name": "(anonymous_0)",
        "decl": {
          "start": { "line": 37, "column": 21 },
          "end": { "line": 37, "column": 22 }
        },
        "loc": {
          "start": { "line": 39, "column": 5 },
          "end": { "line": 120, "column": 1 }
        },
        "line": 39
      },
      "1": {
        "name": "(anonymous_1)",
        "decl": {
          "start": { "line": 59, "column": 26 },
          "end": { "line": 59, "column": 27 }
        },
        "loc": {
          "start": { "line": 59, "column": 61 },
          "end": { "line": 77, "column": 3 }
        },
        "line": 59
      },
      "2": {
        "name": "(anonymous_2)",
        "decl": {
          "start": { "line": 82, "column": 47 },
          "end": { "line": 82, "column": 48 }
        },
        "loc": {
          "start": { "line": 83, "column": 6 },
          "end": { "line": 86, "column": 11 }
        },
        "line": 83
      }
    },
    "branchMap": {
      "0": {
        "loc": {
          "start": { "line": 55, "column": 21 },
          "end": { "line": 55, "column": 45 }
        },
        "type": "binary-expr",
        "locations": [
          {
            "start": { "line": 55, "column": 21 },
            "end": { "line": 55, "column": 31 }
          },
          {
            "start": { "line": 55, "column": 35 },
            "end": { "line": 55, "column": 45 }
          }
        ],
        "line": 55
      },
      "1": {
        "loc": {
          "start": { "line": 60, "column": 4 },
          "end": { "line": 60, "column": 33 }
        },
        "type": "if",
        "locations": [
          {
            "start": { "line": 60, "column": 4 },
            "end": { "line": 60, "column": 33 }
          },
          {
            "start": { "line": 60, "column": 4 },
            "end": { "line": 60, "column": 33 }
          }
        ],
        "line": 60
      },
      "2": {
        "loc": {
          "start": { "line": 63, "column": 4 },
          "end": { "line": 69, "column": 5 }
        },
        "type": "if",
        "locations": [
          {
            "start": { "line": 63, "column": 4 },
            "end": { "line": 69, "column": 5 }
          },
          {
            "start": { "line": 63, "column": 4 },
            "end": { "line": 69, "column": 5 }
          }
        ],
        "line": 63
      },
      "3": {
        "loc": {
          "start": { "line": 65, "column": 11 },
          "end": { "line": 69, "column": 5 }
        },
        "type": "if",
        "locations": [
          {
            "start": { "line": 65, "column": 11 },
            "end": { "line": 69, "column": 5 }
          },
          {
            "start": { "line": 65, "column": 11 },
            "end": { "line": 69, "column": 5 }
          }
        ],
        "line": 65
      },
      "4": {
        "loc": {
          "start": { "line": 71, "column": 4 },
          "end": { "line": 73, "column": 5 }
        },
        "type": "if",
        "locations": [
          {
            "start": { "line": 71, "column": 4 },
            "end": { "line": 73, "column": 5 }
          },
          {
            "start": { "line": 71, "column": 4 },
            "end": { "line": 73, "column": 5 }
          }
        ],
        "line": 71
      },
      "5": {
        "loc": {
          "start": { "line": 80, "column": 2 },
          "end": { "line": 91, "column": 3 }
        },
        "type": "if",
        "locations": [
          {
            "start": { "line": 80, "column": 2 },
            "end": { "line": 91, "column": 3 }
          },
          {
            "start": { "line": 80, "column": 2 },
            "end": { "line": 91, "column": 3 }
          }
        ],
        "line": 80
      },
      "6": {
        "loc": {
          "start": { "line": 89, "column": 9 },
          "end": { "line": 91, "column": 3 }
        },
        "type": "if",
        "locations": [
          {
            "start": { "line": 89, "column": 9 },
            "end": { "line": 91, "column": 3 }
          },
          {
            "start": { "line": 89, "column": 9 },
            "end": { "line": 91, "column": 3 }
          }
        ],
        "line": 89
      },
      "7": {
        "loc": {
          "start": { "line": 94, "column": 32 },
          "end": { "line": 94, "column": 48 }
        },
        "type": "binary-expr",
        "locations": [
          {
            "start": { "line": 94, "column": 32 },
            "end": { "line": 94, "column": 38 }
          },
          {
            "start": { "line": 94, "column": 42 },
            "end": { "line": 94, "column": 48 }
          }
        ],
        "line": 94
      },
      "8": {
        "loc": {
          "start": { "line": 96, "column": 21 },
          "end": { "line": 96, "column": 59 }
        },
        "type": "cond-expr",
        "locations": [
          {
            "start": { "line": 96, "column": 37 },
            "end": { "line": 96, "column": 42 }
          },
          {
            "start": { "line": 96, "column": 45 },
            "end": { "line": 96, "column": 59 }
          }
        ],
        "line": 96
      },
      "9": {
        "loc": {
          "start": { "line": 97, "column": 26 },
          "end": { "line": 97, "column": 74 }
        },
        "type": "cond-expr",
        "locations": [
          {
            "start": { "line": 97, "column": 42 },
            "end": { "line": 97, "column": 67 }
          },
          {
            "start": { "line": 97, "column": 70 },
            "end": { "line": 97, "column": 74 }
          }
        ],
        "line": 97
      },
      "10": {
        "loc": {
          "start": { "line": 111, "column": 7 },
          "end": { "line": 111, "column": 70 }
        },
        "type": "binary-expr",
        "locations": [
          {
            "start": { "line": 111, "column": 7 },
            "end": { "line": 111, "column": 13 }
          },
          {
            "start": { "line": 111, "column": 17 },
            "end": { "line": 111, "column": 70 }
          }
        ],
        "line": 111
      },
      "11": {
        "loc": {
          "start": { "line": 113, "column": 9 },
          "end": { "line": 113, "column": 71 }
        },
        "type": "binary-expr",
        "locations": [
          {
            "start": { "line": 113, "column": 9 },
            "end": { "line": 113, "column": 14 }
          },
          {
            "start": { "line": 113, "column": 18 },
            "end": { "line": 113, "column": 71 }
          }
        ],
        "line": 113
      },
      "12": {
        "loc": {
          "start": { "line": 117, "column": 7 },
          "end": { "line": 117, "column": 70 }
        },
        "type": "binary-expr",
        "locations": [
          {
            "start": { "line": 117, "column": 7 },
            "end": { "line": 117, "column": 13 }
          },
          {
            "start": { "line": 117, "column": 17 },
            "end": { "line": 117, "column": 70 }
          }
        ],
        "line": 117
      }
    },
    "s": {
      "0": 1,
      "1": 1,
      "2": 7,
      "3": 7,
      "4": 7,
      "5": 7,
      "6": 15,
      "7": 0,
      "8": 15,
      "9": 0,
      "10": 15,
      "11": 0,
      "12": 15,
      "13": 15,
      "14": 15,
      "15": 15,
      "16": 15,
      "17": 7,
      "18": 3,
      "19": 3,
      "20": 15,
      "21": 3,
      "22": 4,
      "23": 4,
      "24": 7,
      "25": 7,
      "26": 7,
      "27": 7,
      "28": 7,
      "29": 7,
      "30": 1,
      "31": 1
    },
    "f": { "0": 7, "1": 15, "2": 15 },
    "b": {
      "0": [7, 0],
      "1": [0, 15],
      "2": [0, 15],
      "3": [0, 15],
      "4": [15, 0],
      "5": [3, 4],
      "6": [4, 0],
      "7": [7, 6],
      "8": [2, 5],
      "9": [2, 5],
      "10": [7, 1],
      "11": [7, 1],
      "12": [7, 1]
    },
    "_coverageSchema": "1a1c01bbd47fc00a2c39e90264f33305004495a9",
    "hash": "6f02bd0a5c97203eeb29ae5389fe55bc8a289ecb"
  },
  "/Users/ray/developer/github/troublem/r-relation-list/src/index.ts": {
    "path": "/Users/ray/developer/github/troublem/r-relation-list/src/index.ts",
    "statementMap": {},
    "fnMap": {},
    "branchMap": {},
    "s": {},
    "f": {},
    "b": {},
    "_coverageSchema": "1a1c01bbd47fc00a2c39e90264f33305004495a9",
    "hash": "17a5248dbf63337bc255c78da70bbefaa1e37280"
  },
  "/Users/ray/developer/github/troublem/r-relation-list/src/.umi/umi.ts": {
    "path": "/Users/ray/developer/github/troublem/r-relation-list/src/.umi/umi.ts",
    "statementMap": {
      "0": {
        "start": { "line": 14, "column": 24 },
        "end": { "line": 33, "column": 2 }
      },
      "1": {
        "start": { "line": 14, "column": 74 },
        "end": { "line": 33, "column": 2 }
      },
      "2": {
        "start": { "line": 18, "column": 17 },
        "end": { "line": 29, "column": 6 }
      },
      "3": {
        "start": { "line": 30, "column": 4 },
        "end": { "line": 30, "column": 30 }
      },
      "4": {
        "start": { "line": 35, "column": 21 },
        "end": { "line": 35, "column": 38 }
      },
      "5": {
        "start": { "line": 39, "column": 4 },
        "end": { "line": 41, "column": 6 }
      },
      "6": {
        "start": { "line": 46, "column": 0 },
        "end": { "line": 58, "column": 1 }
      },
      "7": {
        "start": { "line": 48, "column": 2 },
        "end": { "line": 57, "column": 5 }
      },
      "8": {
        "start": { "line": 49, "column": 16 },
        "end": { "line": 49, "column": 40 }
      },
      "9": {
        "start": { "line": 50, "column": 4 },
        "end": { "line": 56, "column": 5 }
      },
      "10": {
        "start": { "line": 51, "column": 6 },
        "end": { "line": 53, "column": 9 }
      },
      "11": {
        "start": { "line": 52, "column": 8 },
        "end": { "line": 52, "column": 62 }
      },
      "12": {
        "start": { "line": 55, "column": 6 },
        "end": { "line": 55, "column": 64 }
      }
    },
    "fnMap": {
      "0": {
        "name": "(anonymous_0)",
        "decl": {
          "start": { "line": 14, "column": 24 },
          "end": { "line": 14, "column": 25 }
        },
        "loc": {
          "start": { "line": 14, "column": 74 },
          "end": { "line": 33, "column": 2 }
        },
        "line": 14
      },
      "1": {
        "name": "(anonymous_1)",
        "decl": {
          "start": { "line": 17, "column": 16 },
          "end": { "line": 17, "column": 17 }
        },
        "loc": {
          "start": { "line": 17, "column": 22 },
          "end": { "line": 31, "column": 3 }
        },
        "line": 17
      },
      "2": {
        "name": "(anonymous_2)",
        "decl": {
          "start": { "line": 48, "column": 37 },
          "end": { "line": 48, "column": 38 }
        },
        "loc": {
          "start": { "line": 48, "column": 43 },
          "end": { "line": 57, "column": 3 }
        },
        "line": 48
      },
      "3": {
        "name": "(anonymous_3)",
        "decl": {
          "start": { "line": 51, "column": 15 },
          "end": { "line": 51, "column": 16 }
        },
        "loc": {
          "start": { "line": 51, "column": 34 },
          "end": { "line": 53, "column": 7 }
        },
        "line": 51
      }
    },
    "branchMap": {
      "0": {
        "loc": {
          "start": { "line": 14, "column": 25 },
          "end": { "line": 14, "column": 69 }
        },
        "type": "default-arg",
        "locations": [
          {
            "start": { "line": 14, "column": 67 },
            "end": { "line": 14, "column": 69 }
          }
        ],
        "line": 14
      },
      "1": {
        "loc": {
          "start": { "line": 22, "column": 16 },
          "end": { "line": 22, "column": 42 }
        },
        "type": "binary-expr",
        "locations": [
          {
            "start": { "line": 22, "column": 16 },
            "end": { "line": 22, "column": 27 }
          },
          {
            "start": { "line": 22, "column": 31 },
            "end": { "line": 22, "column": 42 }
          }
        ],
        "line": 22
      },
      "2": {
        "loc": {
          "start": { "line": 46, "column": 0 },
          "end": { "line": 58, "column": 1 }
        },
        "type": "if",
        "locations": [
          {
            "start": { "line": 46, "column": 0 },
            "end": { "line": 58, "column": 1 }
          },
          {
            "start": { "line": 46, "column": 0 },
            "end": { "line": 58, "column": 1 }
          }
        ],
        "line": 46
      },
      "3": {
        "loc": {
          "start": { "line": 50, "column": 4 },
          "end": { "line": 56, "column": 5 }
        },
        "type": "if",
        "locations": [
          {
            "start": { "line": 50, "column": 4 },
            "end": { "line": 56, "column": 5 }
          },
          {
            "start": { "line": 50, "column": 4 },
            "end": { "line": 56, "column": 5 }
          }
        ],
        "line": 50
      }
    },
    "s": {
      "0": 0,
      "1": 0,
      "2": 0,
      "3": 0,
      "4": 0,
      "5": 0,
      "6": 0,
      "7": 0,
      "8": 0,
      "9": 0,
      "10": 0,
      "11": 0,
      "12": 0
    },
    "f": { "0": 0, "1": 0, "2": 0, "3": 0 },
    "b": { "0": [0], "1": [0, 0], "2": [0, 0], "3": [0, 0] }
  },
  "/Users/ray/developer/github/troublem/r-relation-list/src/.umi/core/devScripts.ts": {
    "path": "/Users/ray/developer/github/troublem/r-relation-list/src/.umi/core/devScripts.ts",
    "statementMap": {
      "0": {
        "start": { "line": 3, "column": 0 },
        "end": { "line": 50, "column": 1 }
      },
      "1": {
        "start": { "line": 6, "column": 4 },
        "end": { "line": 9, "column": 5 }
      },
      "2": {
        "start": { "line": 7, "column": 6 },
        "end": { "line": 7, "column": 31 }
      },
      "3": {
        "start": { "line": 8, "column": 6 },
        "end": { "line": 8, "column": 13 }
      },
      "4": {
        "start": { "line": 13, "column": 6 },
        "end": { "line": 13, "column": 74 }
      },
      "5": {
        "start": { "line": 18, "column": 4 },
        "end": { "line": 20, "column": 5 }
      },
      "6": {
        "start": { "line": 19, "column": 6 },
        "end": { "line": 19, "column": 13 }
      },
      "7": {
        "start": { "line": 23, "column": 6 },
        "end": { "line": 26, "column": 7 }
      },
      "8": {
        "start": { "line": 24, "column": 8 },
        "end": { "line": 24, "column": 33 }
      },
      "9": {
        "start": { "line": 25, "column": 8 },
        "end": { "line": 25, "column": 15 }
      },
      "10": {
        "start": { "line": 28, "column": 6 },
        "end": { "line": 28, "column": 29 }
      },
      "11": {
        "start": { "line": 30, "column": 6 },
        "end": { "line": 33, "column": 7 }
      },
      "12": {
        "start": { "line": 32, "column": 8 },
        "end": { "line": 32, "column": 26 }
      },
      "13": {
        "start": { "line": 37, "column": 4 },
        "end": { "line": 44, "column": 6 }
      },
      "14": {
        "start": { "line": 39, "column": 8 },
        "end": { "line": 39, "column": 49 }
      },
      "15": {
        "start": { "line": 42, "column": 8 },
        "end": { "line": 42, "column": 38 }
      },
      "16": {
        "start": { "line": 47, "column": 2 },
        "end": { "line": 49, "column": 5 }
      }
    },
    "fnMap": {
      "0": {
        "name": "tryApplyUpdates",
        "decl": {
          "start": { "line": 4, "column": 11 },
          "end": { "line": 4, "column": 26 }
        },
        "loc": {
          "start": { "line": 4, "column": 58 },
          "end": { "line": 45, "column": 3 }
        },
        "line": 4
      },
      "1": {
        "name": "isUpdateAvailable",
        "decl": {
          "start": { "line": 11, "column": 13 },
          "end": { "line": 11, "column": 30 }
        },
        "loc": {
          "start": { "line": 11, "column": 33 },
          "end": { "line": 14, "column": 5 }
        },
        "line": 11
      },
      "2": {
        "name": "handleApplyUpdates",
        "decl": {
          "start": { "line": 22, "column": 13 },
          "end": { "line": 22, "column": 31 }
        },
        "loc": {
          "start": { "line": 22, "column": 72 },
          "end": { "line": 34, "column": 5 }
        },
        "line": 22
      },
      "3": {
        "name": "(anonymous_3)",
        "decl": {
          "start": { "line": 38, "column": 6 },
          "end": { "line": 38, "column": 7 }
        },
        "loc": {
          "start": { "line": 38, "column": 37 },
          "end": { "line": 40, "column": 7 }
        },
        "line": 38
      },
      "4": {
        "name": "(anonymous_4)",
        "decl": {
          "start": { "line": 41, "column": 6 },
          "end": { "line": 41, "column": 7 }
        },
        "loc": {
          "start": { "line": 41, "column": 28 },
          "end": { "line": 43, "column": 7 }
        },
        "line": 41
      }
    },
    "branchMap": {
      "0": {
        "loc": {
          "start": { "line": 3, "column": 0 },
          "end": { "line": 50, "column": 1 }
        },
        "type": "if",
        "locations": [
          {
            "start": { "line": 3, "column": 0 },
            "end": { "line": 50, "column": 1 }
          },
          {
            "start": { "line": 3, "column": 0 },
            "end": { "line": 50, "column": 1 }
          }
        ],
        "line": 3
      },
      "1": {
        "loc": {
          "start": { "line": 6, "column": 4 },
          "end": { "line": 9, "column": 5 }
        },
        "type": "if",
        "locations": [
          {
            "start": { "line": 6, "column": 4 },
            "end": { "line": 9, "column": 5 }
          },
          {
            "start": { "line": 6, "column": 4 },
            "end": { "line": 9, "column": 5 }
          }
        ],
        "line": 6
      },
      "2": {
        "loc": {
          "start": { "line": 18, "column": 4 },
          "end": { "line": 20, "column": 5 }
        },
        "type": "if",
        "locations": [
          {
            "start": { "line": 18, "column": 4 },
            "end": { "line": 20, "column": 5 }
          },
          {
            "start": { "line": 18, "column": 4 },
            "end": { "line": 20, "column": 5 }
          }
        ],
        "line": 18
      },
      "3": {
        "loc": {
          "start": { "line": 18, "column": 8 },
          "end": { "line": 18, "column": 62 }
        },
        "type": "binary-expr",
        "locations": [
          {
            "start": { "line": 18, "column": 8 },
            "end": { "line": 18, "column": 28 }
          },
          {
            "start": { "line": 18, "column": 32 },
            "end": { "line": 18, "column": 62 }
          }
        ],
        "line": 18
      },
      "4": {
        "loc": {
          "start": { "line": 23, "column": 6 },
          "end": { "line": 26, "column": 7 }
        },
        "type": "if",
        "locations": [
          {
            "start": { "line": 23, "column": 6 },
            "end": { "line": 26, "column": 7 }
          },
          {
            "start": { "line": 23, "column": 6 },
            "end": { "line": 26, "column": 7 }
          }
        ],
        "line": 23
      },
      "5": {
        "loc": {
          "start": { "line": 23, "column": 10 },
          "end": { "line": 23, "column": 65 }
        },
        "type": "binary-expr",
        "locations": [
          {
            "start": { "line": 23, "column": 10 },
            "end": { "line": 23, "column": 13 }
          },
          {
            "start": { "line": 23, "column": 17 },
            "end": { "line": 23, "column": 32 }
          },
          {
            "start": { "line": 23, "column": 36 },
            "end": { "line": 23, "column": 65 }
          }
        ],
        "line": 23
      },
      "6": {
        "loc": {
          "start": { "line": 30, "column": 6 },
          "end": { "line": 33, "column": 7 }
        },
        "type": "if",
        "locations": [
          {
            "start": { "line": 30, "column": 6 },
            "end": { "line": 33, "column": 7 }
          },
          {
            "start": { "line": 30, "column": 6 },
            "end": { "line": 33, "column": 7 }
          }
        ],
        "line": 30
      }
    },
    "s": {
      "0": 0,
      "1": 0,
      "2": 0,
      "3": 0,
      "4": 0,
      "5": 0,
      "6": 0,
      "7": 0,
      "8": 0,
      "9": 0,
      "10": 0,
      "11": 0,
      "12": 0,
      "13": 0,
      "14": 0,
      "15": 0,
      "16": 0
    },
    "f": { "0": 0, "1": 0, "2": 0, "3": 0, "4": 0 },
    "b": {
      "0": [0, 0],
      "1": [0, 0],
      "2": [0, 0],
      "3": [0, 0],
      "4": [0, 0],
      "5": [0, 0, 0],
      "6": [0, 0]
    }
  },
  "/Users/ray/developer/github/troublem/r-relation-list/src/.umi/core/history.ts": {
    "path": "/Users/ray/developer/github/troublem/r-relation-list/src/.umi/core/history.ts",
    "statementMap": {
      "0": {
        "start": { "line": 4, "column": 14 },
        "end": { "line": 6, "column": 1 }
      },
      "1": {
        "start": { "line": 7, "column": 0 },
        "end": { "line": 9, "column": 1 }
      },
      "2": {
        "start": { "line": 8, "column": 2 },
        "end": { "line": 8, "column": 46 }
      },
      "3": {
        "start": { "line": 12, "column": 23 },
        "end": { "line": 12, "column": 85 }
      },
      "4": {
        "start": { "line": 13, "column": 29 },
        "end": { "line": 19, "column": 1 }
      },
      "5": {
        "start": { "line": 14, "column": 2 },
        "end": { "line": 16, "column": 3 }
      },
      "6": {
        "start": { "line": 15, "column": 4 },
        "end": { "line": 15, "column": 44 }
      },
      "7": {
        "start": { "line": 18, "column": 2 },
        "end": { "line": 18, "column": 17 }
      }
    },
    "fnMap": {
      "0": {
        "name": "(anonymous_0)",
        "decl": {
          "start": { "line": 13, "column": 29 },
          "end": { "line": 13, "column": 30 }
        },
        "loc": {
          "start": { "line": 13, "column": 52 },
          "end": { "line": 19, "column": 1 }
        },
        "line": 13
      }
    },
    "branchMap": {
      "0": {
        "loc": {
          "start": { "line": 7, "column": 0 },
          "end": { "line": 9, "column": 1 }
        },
        "type": "if",
        "locations": [
          {
            "start": { "line": 7, "column": 0 },
            "end": { "line": 9, "column": 1 }
          },
          {
            "start": { "line": 7, "column": 0 },
            "end": { "line": 9, "column": 1 }
          }
        ],
        "line": 7
      },
      "1": {
        "loc": {
          "start": { "line": 12, "column": 23 },
          "end": { "line": 12, "column": 85 }
        },
        "type": "cond-expr",
        "locations": [
          {
            "start": { "line": 12, "column": 49 },
            "end": { "line": 12, "column": 53 }
          },
          {
            "start": { "line": 12, "column": 56 },
            "end": { "line": 12, "column": 85 }
          }
        ],
        "line": 12
      },
      "2": {
        "loc": {
          "start": { "line": 13, "column": 30 },
          "end": { "line": 13, "column": 47 }
        },
        "type": "default-arg",
        "locations": [
          {
            "start": { "line": 13, "column": 42 },
            "end": { "line": 13, "column": 47 }
          }
        ],
        "line": 13
      },
      "3": {
        "loc": {
          "start": { "line": 14, "column": 2 },
          "end": { "line": 16, "column": 3 }
        },
        "type": "if",
        "locations": [
          {
            "start": { "line": 14, "column": 2 },
            "end": { "line": 16, "column": 3 }
          },
          {
            "start": { "line": 14, "column": 2 },
            "end": { "line": 16, "column": 3 }
          }
        ],
        "line": 14
      }
    },
    "s": { "0": 0, "1": 0, "2": 0, "3": 0, "4": 0, "5": 0, "6": 0, "7": 0 },
    "f": { "0": 0 },
    "b": { "0": [0, 0], "1": [0, 0], "2": [0], "3": [0, 0] }
  },
  "/Users/ray/developer/github/troublem/r-relation-list/src/.umi/core/plugin.ts": {
    "path": "/Users/ray/developer/github/troublem/r-relation-list/src/.umi/core/plugin.ts",
    "statementMap": {
      "0": {
        "start": { "line": 4, "column": 15 },
        "end": { "line": 6, "column": 2 }
      }
    },
    "fnMap": {},
    "branchMap": {},
    "s": { "0": 0 },
    "f": {},
    "b": {}
  },
  "/Users/ray/developer/github/troublem/r-relation-list/src/.umi/core/pluginRegister.ts": {
    "path": "/Users/ray/developer/github/troublem/r-relation-list/src/.umi/core/pluginRegister.ts",
    "statementMap": {},
    "fnMap": {},
    "branchMap": {},
    "s": {},
    "f": {},
    "b": {}
  },
  "/Users/ray/developer/github/troublem/r-relation-list/src/.umi/core/polyfill.ts": {
    "path": "/Users/ray/developer/github/troublem/r-relation-list/src/.umi/core/polyfill.ts",
    "statementMap": {},
    "fnMap": {},
    "branchMap": {},
    "s": {},
    "f": {},
    "b": {}
  },
  "/Users/ray/developer/github/troublem/r-relation-list/src/.umi/core/routes.ts": {
    "path": "/Users/ray/developer/github/troublem/r-relation-list/src/.umi/core/routes.ts",
    "statementMap": {
      "0": {
        "start": { "line": 8, "column": 17 },
        "end": { "line": 357, "column": 1 }
      },
      "1": {
        "start": { "line": 14, "column": 47 },
        "end": { "line": 14, "column": 186 }
      },
      "2": {
        "start": { "line": 15, "column": 39 },
        "end": { "line": 15, "column": 93 }
      },
      "3": {
        "start": { "line": 16, "column": 35 },
        "end": { "line": 16, "column": 59 }
      },
      "4": {
        "start": { "line": 17, "column": 36 },
        "end": { "line": 17, "column": 57 }
      },
      "5": {
        "start": { "line": 20, "column": 25 },
        "end": { "line": 20, "column": 56 }
      },
      "6": {
        "start": { "line": 23, "column": 6 },
        "end": { "line": 23, "column": 24 }
      },
      "7": {
        "start": { "line": 25, "column": 6 },
        "end": { "line": 40, "column": 7 }
      },
      "8": {
        "start": { "line": 28, "column": 10 },
        "end": { "line": 28, "column": 31 }
      },
      "9": {
        "start": { "line": 32, "column": 10 },
        "end": { "line": 36, "column": 12 }
      },
      "10": {
        "start": { "line": 39, "column": 10 },
        "end": { "line": 39, "column": 64 }
      },
      "11": {
        "start": { "line": 355, "column": 28 },
        "end": { "line": 355, "column": 42 }
      },
      "12": {
        "start": { "line": 360, "column": 2 },
        "end": { "line": 364, "column": 5 }
      },
      "13": {
        "start": { "line": 366, "column": 2 },
        "end": { "line": 366, "column": 16 }
      }
    },
    "fnMap": {
      "0": {
        "name": "getRoutes",
        "decl": {
          "start": { "line": 7, "column": 16 },
          "end": { "line": 7, "column": 25 }
        },
        "loc": {
          "start": { "line": 7, "column": 28 },
          "end": { "line": 367, "column": 1 }
        },
        "line": 7
      },
      "1": {
        "name": "(anonymous_1)",
        "decl": {
          "start": { "line": 13, "column": 17 },
          "end": { "line": 13, "column": 18 }
        },
        "loc": {
          "start": { "line": 13, "column": 28 },
          "end": { "line": 42, "column": 9 }
        },
        "line": 13
      },
      "2": {
        "name": "(anonymous_2)",
        "decl": {
          "start": { "line": 355, "column": 17 },
          "end": { "line": 355, "column": 18 }
        },
        "loc": {
          "start": { "line": 355, "column": 28 },
          "end": { "line": 355, "column": 42 }
        },
        "line": 355
      }
    },
    "branchMap": {
      "0": {
        "loc": {
          "start": { "line": 25, "column": 6 },
          "end": { "line": 40, "column": 7 }
        },
        "type": "switch",
        "locations": [
          {
            "start": { "line": 26, "column": 8 },
            "end": { "line": 28, "column": 31 }
          },
          {
            "start": { "line": 30, "column": 8 },
            "end": { "line": 36, "column": 12 }
          },
          {
            "start": { "line": 38, "column": 8 },
            "end": { "line": 39, "column": 64 }
          }
        ],
        "line": 25
      }
    },
    "s": {
      "0": 0,
      "1": 0,
      "2": 0,
      "3": 0,
      "4": 0,
      "5": 0,
      "6": 0,
      "7": 0,
      "8": 0,
      "9": 0,
      "10": 0,
      "11": 0,
      "12": 0,
      "13": 0
    },
    "f": { "0": 0, "1": 0, "2": 0 },
    "b": { "0": [0, 0, 0] }
  },
  "/Users/ray/developer/github/troublem/r-relation-list/src/.umi/core/umiExports.ts": {
    "path": "/Users/ray/developer/github/troublem/r-relation-list/src/.umi/core/umiExports.ts",
    "statementMap": {},
    "fnMap": {},
    "branchMap": {},
    "s": {},
    "f": {},
    "b": {}
  },
  "/Users/ray/developer/github/troublem/r-relation-list/src/.umi/dumi/demos/index.ts": {
    "path": "/Users/ray/developer/github/troublem/r-relation-list/src/.umi/dumi/demos/index.ts",
    "statementMap": {},
    "fnMap": {},
    "branchMap": {},
    "s": {},
    "f": {},
    "b": {}
  }
}
