TN:
SF:index.js
FNF:0
FNH:0
LF:0
LH:0
BRF:0
BRH:0
end_of_record
TN:
SF:src/Item.tsx
FN:15,(anonymous_0)
FN:21,(anonymous_1)
FNF:2
FNH:2
FNDA:4,(anonymous_0)
FNDA:4,(anonymous_1)
DA:15,2
DA:17,4
DA:19,4
DA:22,4
DA:32,4
DA:41,2
LF:6
LH:6
BRDA:19,0,0,4
BRDA:19,0,1,2
BRDA:19,0,2,2
BRDA:24,1,0,4
BRDA:24,1,1,2
BRF:5
BRH:5
end_of_record
TN:
SF:src/RelationList.tsx
FN:37,(anonymous_0)
FN:59,(anonymous_1)
FN:82,(anonymous_2)
FNF:3
FNH:3
FNDA:7,(anonymous_0)
FNDA:15,(anonymous_1)
FNDA:15,(anonymous_2)
DA:6,1
DA:37,1
DA:54,7
DA:55,7
DA:57,7
DA:59,7
DA:60,15
DA:63,15
DA:64,0
DA:65,15
DA:66,0
DA:68,15
DA:71,15
DA:72,15
DA:74,15
DA:76,15
DA:80,7
DA:81,3
DA:82,3
DA:83,15
DA:88,3
DA:89,4
DA:90,4
DA:94,7
DA:95,7
DA:96,7
DA:97,7
DA:99,7
DA:109,7
DA:122,1
DA:124,1
LF:31
LH:29
BRDA:55,0,0,7
BRDA:55,0,1,0
BRDA:60,1,0,0
BRDA:60,1,1,15
BRDA:63,2,0,0
BRDA:63,2,1,15
BRDA:65,3,0,0
BRDA:65,3,1,15
BRDA:71,4,0,15
BRDA:71,4,1,0
BRDA:80,5,0,3
BRDA:80,5,1,4
BRDA:89,6,0,4
BRDA:89,6,1,0
BRDA:94,7,0,7
BRDA:94,7,1,6
BRDA:96,8,0,2
BRDA:96,8,1,5
BRDA:97,9,0,2
BRDA:97,9,1,5
BRDA:111,10,0,7
BRDA:111,10,1,1
BRDA:113,11,0,7
BRDA:113,11,1,1
BRDA:117,12,0,7
BRDA:117,12,1,1
BRF:26
BRH:20
end_of_record
TN:
SF:src/index.ts
FNF:0
FNH:0
LF:0
LH:0
BRF:0
BRH:0
end_of_record
TN:
SF:src/.umi/umi.ts
FN:14,(anonymous_0)
FN:17,(anonymous_1)
FN:48,(anonymous_2)
FN:51,(anonymous_3)
FNF:4
FNH:0
FNDA:0,(anonymous_0)
FNDA:0,(anonymous_1)
FNDA:0,(anonymous_2)
FNDA:0,(anonymous_3)
DA:14,0
DA:18,0
DA:30,0
DA:35,0
DA:39,0
DA:46,0
DA:48,0
DA:49,0
DA:50,0
DA:51,0
DA:52,0
DA:55,0
LF:12
LH:0
BRDA:14,0,0,0
BRDA:22,1,0,0
BRDA:22,1,1,0
BRDA:46,2,0,0
BRDA:46,2,1,0
BRDA:50,3,0,0
BRDA:50,3,1,0
BRF:7
BRH:0
end_of_record
TN:
SF:src/.umi/core/devScripts.ts
FN:4,tryApplyUpdates
FN:11,isUpdateAvailable
FN:22,handleApplyUpdates
FN:38,(anonymous_3)
FN:41,(anonymous_4)
FNF:5
FNH:0
FNDA:0,tryApplyUpdates
FNDA:0,isUpdateAvailable
FNDA:0,handleApplyUpdates
FNDA:0,(anonymous_3)
FNDA:0,(anonymous_4)
DA:3,0
DA:6,0
DA:7,0
DA:8,0
DA:13,0
DA:18,0
DA:19,0
DA:23,0
DA:24,0
DA:25,0
DA:28,0
DA:30,0
DA:32,0
DA:37,0
DA:39,0
DA:42,0
DA:47,0
LF:17
LH:0
BRDA:3,0,0,0
BRDA:3,0,1,0
BRDA:6,1,0,0
BRDA:6,1,1,0
BRDA:18,2,0,0
BRDA:18,2,1,0
BRDA:18,3,0,0
BRDA:18,3,1,0
BRDA:23,4,0,0
BRDA:23,4,1,0
BRDA:23,5,0,0
BRDA:23,5,1,0
BRDA:23,5,2,0
BRDA:30,6,0,0
BRDA:30,6,1,0
BRF:15
BRH:0
end_of_record
TN:
SF:src/.umi/core/history.ts
FN:13,(anonymous_0)
FNF:1
FNH:0
FNDA:0,(anonymous_0)
DA:4,0
DA:7,0
DA:8,0
DA:12,0
DA:13,0
DA:14,0
DA:15,0
DA:18,0
LF:8
LH:0
BRDA:7,0,0,0
BRDA:7,0,1,0
BRDA:12,1,0,0
BRDA:12,1,1,0
BRDA:13,2,0,0
BRDA:14,3,0,0
BRDA:14,3,1,0
BRF:7
BRH:0
end_of_record
TN:
SF:src/.umi/core/plugin.ts
FNF:0
FNH:0
DA:4,0
LF:1
LH:0
BRF:0
BRH:0
end_of_record
TN:
SF:src/.umi/core/pluginRegister.ts
FNF:0
FNH:0
LF:0
LH:0
BRF:0
BRH:0
end_of_record
TN:
SF:src/.umi/core/polyfill.ts
FNF:0
FNH:0
LF:0
LH:0
BRF:0
BRH:0
end_of_record
TN:
SF:src/.umi/core/routes.ts
FN:7,getRoutes
FN:13,(anonymous_1)
FN:355,(anonymous_2)
FNF:3
FNH:0
FNDA:0,getRoutes
FNDA:0,(anonymous_1)
FNDA:0,(anonymous_2)
DA:8,0
DA:14,0
DA:15,0
DA:16,0
DA:17,0
DA:20,0
DA:23,0
DA:25,0
DA:28,0
DA:32,0
DA:39,0
DA:355,0
DA:360,0
DA:366,0
LF:14
LH:0
BRDA:25,0,0,0
BRDA:25,0,1,0
BRDA:25,0,2,0
BRF:3
BRH:0
end_of_record
TN:
SF:src/.umi/core/umiExports.ts
FNF:0
FNH:0
LF:0
LH:0
BRF:0
BRH:0
end_of_record
TN:
SF:src/.umi/dumi/demos/index.ts
FNF:0
FNH:0
LF:0
LH:0
BRF:0
BRH:0
end_of_record
